"../../../Engine/Content/ArtTools/RenderToTexture/Enums/RenderToTexture_Enum.uasset" 0
"../../../Engine/Content/ArtTools/RenderToTexture/Enums/RenderToTexture_Flipbook_Enum.uasset" 1
"../../../Engine/Content/ArtTools/RenderToTexture/Enums/RenderToTexture_Imposter_Enum.uasset" 2
"../../../Engine/Content/EditorBlueprintResources/StandardMacros.uasset" 3
"../../../Engine/Content/ArtTools/RenderToTexture/Enums/EIntTypes.uasset" 4
"../../../Engine/Content/ArtTools/RenderToTexture/Macros/RenderToTextureFunctionLibrary.uasset" 5
"../../../Engine/Content/ArtTools/RenderToTexture/Enums/EFloatTypes.uasset" 6
"../../../Engine/Content/ArtTools/RenderToTexture/Macros/RenderToTextureMacros.uasset" 7
"../../../Engine/Content/Functions/Engine_MaterialFunctions01/Opacity/CameraDepthFade.uasset" 8
"../../../Engine/Content/EngineMaterials/T_Default_Material_Grid_M.uasset" 9
"../../../Engine/Content/EngineMaterials/T_Default_Material_Grid_N.uasset" 10
"../../../Engine/Content/EngineMaterials/WorldGridMaterial.uasset" 11
"../../../Engine/Content/ArtTools/RenderToTexture/Meshes/S_1_Unit_Plane.uasset" 12
"../../../Engine/Content/EngineMaterials/DefaultMaterial.uasset" 13
"../../../Engine/Content/BasicShapes/Cone.uasset" 14
"../../../Engine/Content/BasicShapes/Cube.uasset" 15
"../../../Engine/Content/BasicShapes/Cylinder.uasset" 16
"../../../Engine/Content/BasicShapes/Sphere.uasset" 17
"../../../Engine/Content/EngineMaterials/DefaultPhysicalMaterial.uasset" 18
"../../../Engine/Content/BufferVisualization/AmbientOcclusion.uasset" 19
"../../../Engine/Content/BufferVisualization/BaseColor.uasset" 20
"../../../Engine/Content/BufferVisualization/CustomDepth.uasset" 21
"../../../Engine/Content/Functions/Engine_MaterialFunctions02/Utility/VectorLength.uasset" 22
"../../../Engine/Content/BufferVisualization/CustomDepthWorldUnits.uasset" 23
"../../../Engine/Content/Functions/Engine_MaterialFunctions02/Utility/BreakOutFloat2Components.uasset" 24
"../../../Engine/Content/Functions/Engine_MaterialFunctions01/Texturing/ScaleUVsByCenter.uasset" 25
"../../../Engine/Content/Functions/Engine_MaterialFunctions02/ScreenResolution.uasset" 26
"../../../Engine/Content/Functions/Engine_MaterialFunctions02/Texturing/ScreenAlignedUVs.uasset" 27
"../../../Engine/Content/Functions/Engine_MaterialFunctions02/Utility/MakeFloat2.uasset" 28
"../../../Engine/Content/Functions/Engine_MaterialFunctions02/Utility/MakeFloat3.uasset" 29
"../../../Engine/Content/EngineMaterials/MiniFont.uasset" 30
"../../../Engine/Content/BufferVisualization/CustomStencil.uasset" 31
"../../../Engine/Content/BufferVisualization/FinalImage.uasset" 32
"../../../Engine/Content/BufferVisualization/LightingModel.uasset" 33
"../../../Engine/Content/BufferVisualization/MaterialAO.uasset" 34
"../../../Engine/Content/BufferVisualization/Metallic.uasset" 35
"../../../Engine/Content/BufferVisualization/Opacity.uasset" 36
"../../../Engine/Content/BufferVisualization/PostTonemapHDRColor.uasset" 37
"../../../Engine/Content/BufferVisualization/PreTonemapHDRColor.uasset" 38
"../../../Engine/Content/BufferVisualization/Roughness.uasset" 39
"../../../Engine/Content/BufferVisualization/SceneColor.uasset" 40
"../../../Engine/Content/BufferVisualization/SceneDepth.uasset" 41
"../../../Engine/Content/BufferVisualization/SceneDepthWorldUnits.uasset" 42
"../../../Engine/Content/BufferVisualization/SeparateTranslucencyA.uasset" 43
"../../../Engine/Content/BufferVisualization/SeparateTranslucencyRGB.uasset" 44
"../../../Engine/Content/BufferVisualization/Specular.uasset" 45
"../../../Engine/Content/BufferVisualization/SubsurfaceColor.uasset" 46
"../../../Engine/Content/BufferVisualization/WorldNormal.uasset" 47
"../../../Engine/Content/EditorBlueprintResources/ActorMacros.uasset" 48
"../../../Engine/Content/EditorLandscapeResources/DataLayer.uasset" 49
"../../../Engine/Content/EditorLandscapeResources/DefaultAlphaTexture.uasset" 50
"../../../Engine/Content/EditorLandscapeResources/LandscapeGizmoHeight_Mat.uasset" 51
"../../../Engine/Content/EditorLandscapeResources/LandscapeGizmo_Mat.uasset" 52
"../../../Engine/Content/EditorLandscapeResources/LandscapeGizmo_Mat_Copied.uasset" 53
"../../../Engine/Content/EditorLandscapeResources/SplineEditorMeshMat.uasset" 54
"../../../Engine/Content/EditorLandscapeResources/SplineEditorMesh.uasset" 55
"../../../Engine/Content/EditorMaterials/Cross.uasset" 56
"../../../Engine/Content/EditorMaterials/Cross_Mat.uasset" 57
"../../../Engine/Content/EditorMaterials/GizmoMaterial.uasset" 58
"../../../Engine/Content/Functions/Engine_MaterialFunctions02/ExampleContent/Textures/flipbook.uasset" 59
"../../../Engine/Content/Functions/Engine_MaterialFunctions02/Texturing/FlipBook.uasset" 60
"../../../Engine/Content/Functions/Engine_MaterialFunctions02/Utility/Sign.uasset" 61
"../../../Engine/Content/Functions/Engine_MaterialFunctions02/Utility/Round.uasset" 62
"../../../Engine/Content/EditorResources/T_EditorHelp.uasset" 63
"../../../Engine/Content/EditorMaterials/HelpActorMaterial.uasset" 64
"../../../Engine/Content/EditorMaterials/CompositeARGBLayer.uasset" 65
"../../../Engine/Content/EditorMaterials/TilingAALineIntegral.uasset" 66
"../../../Engine/Content/EditorMaterials/TilingAALineBoxFiltered.uasset" 67
"../../../Engine/Content/Functions/Engine_MaterialFunctions03/Procedurals/ComputeFilterWidth.uasset" 68
"../../../Engine/Content/EditorMaterials/TilingAADots.uasset" 69
"../../../Engine/Content/EngineMaterials/BlendFunc_DefBase.uasset" 70
"../../../Engine/Content/EngineMaterials/BlendFunc_DefBlend.uasset" 71
"../../../Engine/Content/Functions/Engine_MaterialFunctions03/Blends/Blend_Screen.uasset" 72
"../../../Engine/Content/EditorMaterials/TilingAAGrid.uasset" 73
"../../../Engine/Content/EditorMaterials/LevelGridMaterial.uasset" 74
"../../../Engine/Content/EditorMaterials/MakeCompositeARGBLayer.uasset" 75
"../../../Engine/Content/EditorResources/LevelGrid1DStripes.uasset" 76
"../../../Engine/Content/EditorMaterials/TextureGridCascaded1D.uasset" 77
"../../../Engine/Content/EditorMaterials/TextureGridCascaded2D.uasset" 78
"../../../Engine/Content/EditorMaterials/LevelGridMaterial2.uasset" 79
"../../../Engine/Content/EditorMaterials/MAT_Groups_Toggle.uasset" 80
"../../../Engine/Content/EditorMaterials/MAT_Groups_Visibility.uasset" 81
"../../../Engine/Content/EditorMaterials/AntialiasedGridFloor.uasset" 82
"../../../Engine/Content/EditorResources/TilePatine_D.uasset" 83
"../../../Engine/Content/EditorResources/TilePatine_N.uasset" 84
"../../../Engine/Content/EngineMaterials/Grid.uasset" 85
"../../../Engine/Content/EditorMaterials/PersonaFloorMat.uasset" 86
"../../../Engine/Content/EditorMaterials/PhAT_BoneSelectedMaterial.uasset" 87
"../../../Engine/Content/EditorMaterials/PhAT_ElemSelectedMaterial.uasset" 88
"../../../Engine/Content/EditorMaterials/PhAT_NoCollisionMaterial.uasset" 89
"../../../Engine/Content/EditorMaterials/PhAT_UnselectedMaterial.uasset" 90
"../../../Engine/Content/EditorMaterials/PreviewShadowIndicator.uasset" 91
"../../../Engine/Content/EditorMaterials/PreviewShadowIndicatorMaterial.uasset" 92
"../../../Engine/Content/EditorMaterials/TargetIcon.uasset" 93
"../../../Engine/Content/EditorMaterials/Tick.uasset" 94
"../../../Engine/Content/EditorMaterials/Tick_Mat.uasset" 95
"../../../Engine/Content/EditorMaterials/WidgetGridVertexColorMaterial.uasset" 96
"../../../Engine/Content/EditorMaterials/WidgetGridVertexColorMaterial_Ma.uasset" 97
"../../../Engine/Content/EditorMaterials/WidgetMaterial.uasset" 98
"../../../Engine/Content/EditorMaterials/WidgetMaterial_Current.uasset" 99
"../../../Engine/Content/EditorMaterials/WidgetMaterial_X.uasset" 100
"../../../Engine/Content/EditorMaterials/WidgetMaterial_Y.uasset" 101
"../../../Engine/Content/EditorMaterials/WidgetMaterial_Z.uasset" 102
"../../../Engine/Content/EditorMaterials/WidgetVertexColorMaterial.uasset" 103
"../../../Engine/Content/EditorMaterials/AssetViewer/EpicQuadPanorama_CC+EV1.uasset" 104
"../../../Engine/Content/MapTemplates/Sky/SunsetAmbientCubemap.uasset" 105
"../../../Engine/Content/EditorMaterials/AssetViewer/M_SkyBox.uasset" 106
"../../../Engine/Content/EditorMaterials/MatineeGroups/MAT_ColorTrack.uasset" 107
"../../../Engine/Content/EditorMaterials/MatineeGroups/MAT_Groups_Anim.uasset" 108
"../../../Engine/Content/EditorMaterials/MatineeGroups/MAT_Groups_AudioMaster.uasset" 109
"../../../Engine/Content/EditorMaterials/MatineeGroups/MAT_Groups_Director.uasset" 110
"../../../Engine/Content/EditorMaterials/MatineeGroups/MAT_Groups_Event.uasset" 111
"../../../Engine/Content/EditorMaterials/MatineeGroups/MAT_Groups_Fade.uasset" 112
"../../../Engine/Content/EditorMaterials/MatineeGroups/MAT_Groups_Float.uasset" 113
"../../../Engine/Content/EditorMaterials/MatineeGroups/MAT_Groups_Move.uasset" 114
"../../../Engine/Content/EditorMaterials/MatineeGroups/MAT_Groups_Slomo.uasset" 115
"../../../Engine/Content/EditorMaterials/MatineeGroups/MAT_Groups_Sound.uasset" 116
"../../../Engine/Content/EditorMaterials/MatineeGroups/MAT_Groups_Vector.uasset" 117
"../../../Engine/Content/EditorMaterials/ParticleSystems/PSysThumbnail_NoImage.uasset" 118
"../../../Engine/Content/EditorMaterials/ParticleSystems/PSysThumbnail_OOD.uasset" 119
"../../../Engine/Content/EditorMaterials/Thumbnails/FloorPlaneMaterial.uasset" 120
"../../../Engine/Content/EditorMeshes/EditorCube.uasset" 121
"../../../Engine/Content/EditorMeshes/EditorCylinder.uasset" 122
"../../../Engine/Content/EditorMeshes/EditorPlane.uasset" 123
"../../../Engine/Content/EditorMaterials/Thumbnails/SkySphereMaterial.uasset" 124
"../../../Engine/Content/EditorMeshes/EditorSkySphere.uasset" 125
"../../../Engine/Content/EditorMeshes/EditorSphere.uasset" 126
"../../../Engine/Content/EditorResources/MatineeCam_D.uasset" 127
"../../../Engine/Content/EditorMaterials/MatineeCam_mat.uasset" 128
"../../../Engine/Content/EditorMeshes/MatineeCam_SM.uasset" 129
"../../../Engine/Content/Functions/Engine_MaterialFunctions01/Shading/ConvertFromDiffSpec.uasset" 130
"../../../Engine/Content/EditorMaterials/GridMaterial.uasset" 131
"../../../Engine/Content/EditorMeshes/PhAT_FloorBox.uasset" 132
"../../../Engine/Content/EditorMeshes/AssetViewer/Floor_Mesh.uasset" 133
"../../../Engine/Content/EditorMeshes/AssetViewer/Sphere_inversenormals.uasset" 134
"../../../Engine/Content/EditorMaterials/Camera/CineMat.uasset" 135
"../../../Engine/Content/EditorMaterials/Camera/MI_CineMat_CameraBody.uasset" 136
"../../../Engine/Content/EngineDebugMaterials/M_SimpleOpaque.uasset" 137
"../../../Engine/Content/EditorMaterials/Camera/MI_CineMat_CamViewFinder.uasset" 138
"../../../Engine/Content/EditorMeshes/Camera/SM_CineCam.uasset" 139
"../../../Engine/Content/EditorMaterials/Camera/MI_CineMat_Rig.uasset" 140
"../../../Engine/Content/EditorMeshes/Camera/SM_CraneRig_Arm.uasset" 141
"../../../Engine/Content/EditorMeshes/Camera/SM_CraneRig_Base.uasset" 142
"../../../Engine/Content/EditorMeshes/Camera/SM_CraneRig_Body.uasset" 143
"../../../Engine/Content/EditorMeshes/Camera/SM_CraneRig_Mount.uasset" 144
"../../../Engine/Content/EditorMeshes/Camera/SM_RailRig_Mount.uasset" 145
"../../../Engine/Content/EditorMeshes/Camera/SM_RailRig_Track.uasset" 146
"../../../Engine/Content/EditorResources/Bad.uasset" 147
"../../../Engine/Content/EditorResources/BSPVertex.uasset" 148
"../../../Engine/Content/EditorResources/EmptyActor.uasset" 149
"../../../Engine/Content/EditorResources/MatInstActSprite.uasset" 150
"../../../Engine/Content/EditorResources/SceneManager.uasset" 151
"../../../Engine/Content/EditorResources/SimplygonLogo.uasset" 152
"../../../Engine/Content/EditorResources/SmallFont.uasset" 153
"../../../Engine/Content/EditorResources/S_Actor.uasset" 154
"../../../Engine/Content/EditorResources/S_DecalActorIcon.uasset" 155
"../../../Engine/Content/EditorResources/S_Emitter.uasset" 156
"../../../Engine/Content/EditorResources/S_ExpoHeightFog.uasset" 157
"../../../Engine/Content/EditorResources/S_FTest.uasset" 158
"../../../Engine/Content/EditorResources/S_KBSJoint.uasset" 159
"../../../Engine/Content/EditorResources/S_KHinge.uasset" 160
"../../../Engine/Content/EditorResources/S_KPrismatic.uasset" 161
"../../../Engine/Content/EditorResources/S_LevelSequence.uasset" 162
"../../../Engine/Content/EditorResources/S_NavP.uasset" 163
"../../../Engine/Content/EditorResources/S_Note.uasset" 164
"../../../Engine/Content/EditorResources/S_Player.uasset" 165
"../../../Engine/Content/EditorResources/S_PortalActorIcon2.uasset" 166
"../../../Engine/Content/EditorResources/S_RadForce.uasset" 167
"../../../Engine/Content/EditorResources/S_ReflActorIcon.uasset" 168
"../../../Engine/Content/EditorResources/S_Terrain.uasset" 169
"../../../Engine/Content/EditorResources/S_TextRenderActorIcon.uasset" 170
"../../../Engine/Content/EditorResources/S_Thruster.uasset" 171
"../../../Engine/Content/EditorResources/S_Trigger.uasset" 172
"../../../Engine/Content/EditorResources/S_VectorFieldVol.uasset" 173
"../../../Engine/Content/EditorResources/S_WindDirectional.uasset" 174
"../../../Engine/Content/EditorResources/AI/S_NavLink.uasset" 175
"../../../Engine/Content/EditorResources/LightIcons/SkyLight.uasset" 176
"../../../Engine/Content/EditorResources/LightIcons/S_LightDirectional.uasset" 177
"../../../Engine/Content/EditorResources/LightIcons/S_LightDirectionalMove.uasset" 178
"../../../Engine/Content/EditorResources/LightIcons/S_LightError.uasset" 179
"../../../Engine/Content/EditorResources/LightIcons/S_LightPoint.uasset" 180
"../../../Engine/Content/EditorResources/LightIcons/S_LightPointMove.uasset" 181
"../../../Engine/Content/EditorResources/LightIcons/S_LightSpot.uasset" 182
"../../../Engine/Content/EditorResources/LightIcons/S_LightSpotMove.uasset" 183
"../../../Engine/Content/EditorResources/SequenceRecorder/Countdown.uasset" 184
"../../../Engine/Content/EditorResources/SequenceRecorder/RecordingIndicator.uasset" 185
"../../../Engine/Content/EditorResources/Spline/T_Loft_Spline.uasset" 186
"../../../Engine/Content/EditorSounds/GamePreview/PossessPlayer.uasset" 187
"../../../Engine/Content/EditorSounds/GamePreview/PossessPlayer_Cue.uasset" 188
"../../../Engine/Content/EditorSounds/Notifications/CompileFailed.uasset" 189
"../../../Engine/Content/EditorSounds/Notifications/CompileFailed_Cue.uasset" 190
"../../../Engine/Content/EditorSounds/Notifications/CompileSuccess.uasset" 191
"../../../Engine/Content/EditorSounds/Notifications/CompileStart_Cue.uasset" 192
"../../../Engine/Content/EditorSounds/Notifications/CompileSuccess_Cue.uasset" 193
"../../../Engine/Content/EngineDamageTypes/DmgTypeBP_Environmental.uasset" 194
"../../../Engine/Content/EngineDebugMaterials/HeatmapGradient.uasset" 195
"../../../Engine/Content/EngineDebugMaterials/BoneWeightMaterial.uasset" 196
"../../../Engine/Content/EngineDebugMaterials/ClothMaterial.uasset" 197
"../../../Engine/Content/EngineDebugMaterials/ClothMaterial_WF.uasset" 198
"../../../Engine/Content/EngineDebugMaterials/DebugEditorMaterial.uasset" 199
"../../../Engine/Content/EngineDebugMaterials/DebugMeshMaterial.uasset" 200
"../../../Engine/Content/EngineDebugMaterials/GeomMaterial.uasset" 201
"../../../Engine/Content/EngineDebugMaterials/LevelColorationLitMaterial.uasset" 202
"../../../Engine/Content/EngineDebugMaterials/LevelColorationUnlitMaterial.uasset" 203
"../../../Engine/Content/EngineMaterials/DefaultWhiteGrid.uasset" 204
"../../../Engine/Content/EngineDebugMaterials/MAT_LevelColorationLitLightmapUV.uasset" 205
"../../../Engine/Content/EngineDebugMaterials/M_SimpleTranslucent.uasset" 206
"../../../Engine/Content/EngineDebugMaterials/ShadedLevelColorationLitMaterial.uasset" 207
"../../../Engine/Content/EngineDebugMaterials/ShadedLevelColorationUnlitMateri.uasset" 208
"../../../Engine/Content/EngineDebugMaterials/VertexColorMaterial.uasset" 209
"../../../Engine/Content/EngineDebugMaterials/VertexColorViewMode_AlphaAsColor.uasset" 210
"../../../Engine/Content/EngineDebugMaterials/VertexColorViewMode_BlueOnly.uasset" 211
"../../../Engine/Content/EngineDebugMaterials/VertexColorViewMode_ColorOnly.uasset" 212
"../../../Engine/Content/EngineDebugMaterials/VertexColorViewMode_GreenOnly.uasset" 213
"../../../Engine/Content/EngineDebugMaterials/VertexColorViewMode_RedOnly.uasset" 214
"../../../Engine/Content/EngineDebugMaterials/WireframeMaterial.uasset" 215
"../../../Engine/Content/EngineFonts/Faces/RobotoBold.uasset" 216
"../../../Engine/Content/EngineFonts/Faces/RobotoBoldItalic.uasset" 217
"../../../Engine/Content/EngineFonts/Faces/RobotoItalic.uasset" 218
"../../../Engine/Content/EngineFonts/Faces/RobotoLight.uasset" 219
"../../../Engine/Content/EngineFonts/Faces/RobotoRegular.uasset" 220
"../../../Engine/Content/EngineFonts/Roboto.uasset" 221
"../../../Engine/Content/EngineFonts/Faces/RobotoTiny.uasset" 222
"../../../Engine/Content/EngineFonts/RobotoTiny.uasset" 223
"../../../Engine/Content/EngineFonts/SmallFont.uasset" 224
"../../../Engine/Content/EngineFonts/TinyFont.uasset" 225
"../../../Engine/Content/EngineMaterials/BaseFlattenDiffuseMap.uasset" 226
"../../../Engine/Content/EngineMaterials/BaseFlattenEmissiveMap.uasset" 227
"../../../Engine/Content/EngineMaterials/BaseFlattenGrayscaleMap.uasset" 228
"../../../Engine/Content/EngineMaterials/BaseFlattenNormalMap.uasset" 229
"../../../Engine/Content/EngineMaterials/BaseFlattenMaterial.uasset" 230
"../../../Engine/Content/EngineResources/WhiteSquareTexture.uasset" 231
"../../../Engine/Content/EngineMaterials/BlinkingCaret.uasset" 232
"../../../Engine/Content/EngineMaterials/DefaultBloomKernel.uasset" 233
"../../../Engine/Content/EngineMaterials/DefaultBokeh.uasset" 234
"../../../Engine/Content/EngineMaterials/DefaultDiffuse.uasset" 235
"../../../Engine/Content/EngineMaterials/DefaultDeferredDecalMaterial.uasset" 236
"../../../Engine/Content/EngineMaterials/DefaultLightFunctionMaterial.uasset" 237
"../../../Engine/Content/EngineMaterials/DefaultNormal.uasset" 238
"../../../Engine/Content/EngineMaterials/DefaultPostProcessMaterial.uasset" 239
"../../../Engine/Content/EngineFonts/RobotoDistanceField.uasset" 240
"../../../Engine/Content/EngineMaterials/DefaultTextMaterialOpaque.uasset" 241
"../../../Engine/Content/EngineMaterials/EditorBrushMaterial.uasset" 242
"../../../Engine/Content/EngineMaterials/Good64x64TilingNoiseHighFreq.uasset" 243
"../../../Engine/Content/EngineMaterials/Grid_N.uasset" 244
"../../../Engine/Content/EngineMaterials/HighResolutionScreenshotMaskFunction.uasset" 245
"../../../Engine/Content/EngineMaterials/HighResScreenshot.uasset" 246
"../../../Engine/Content/EngineMaterials/HighResScreenshotCaptureRegion.uasset" 247
"../../../Engine/Content/EngineMaterials/HighResScreenshotMask.uasset" 248
"../../../Engine/Content/EngineMaterials/LandscapeHolePhysicalMaterial.uasset" 249
"../../../Engine/Content/EngineMaterials/InvalidLightmapSettings.uasset" 250
"../../../Engine/Content/EngineMaterials/M_InvalidLightmapSettings.uasset" 251
"../../../Engine/Content/EngineMaterials/PaperDiffuse.uasset" 252
"../../../Engine/Content/EngineMaterials/PaperNormal.uasset" 253
"../../../Engine/Content/Functions/Engine_MaterialFunctions02/WorldPositionOffset/CameraOffset.uasset" 254
"../../../Engine/Content/EngineMaterials/PhAT_JointLimitMaterial.uasset" 255
"../../../Engine/Content/EngineMaterials/PhysMat_Rubber.uasset" 256
"../../../Engine/Content/EngineMaterials/PreintegratedSkinBRDF.uasset" 257
"../../../Engine/Content/EngineMaterials/RemoveSurfaceMaterial.uasset" 258
"../../../Engine/Content/EngineMaterials/WeightMapPlaceholderTexture.uasset" 259
"../../../Engine/Content/EngineMaterials/Widget3DPassThrough.uasset" 260
"../../../Engine/Content/EngineMaterials/Widget3DPassThrough_Masked.uasset" 261
"../../../Engine/Content/EngineMaterials/Widget3DPassThrough_Opaque.uasset" 262
"../../../Engine/Content/EngineMaterials/Widget3DPassThrough_Masked_OneSided.uasset" 263
"../../../Engine/Content/EngineMaterials/Widget3DPassThrough_Opaque_OneSided.uasset" 264
"../../../Engine/Content/EngineMaterials/Widget3DPassThrough_Translucent.uasset" 265
"../../../Engine/Content/EngineMaterials/Widget3DPassThrough_Translucent_OneSided.uasset" 266
"../../../Engine/Content/EngineMeshes/Cube.uasset" 267
"../../../Engine/Content/EngineMeshes/Cylinder.uasset" 268
"../../../Engine/Content/EngineMeshes/Sphere.uasset" 269
"../../../Engine/Content/EngineResources/Black.uasset" 270
"../../../Engine/Content/EngineResources/DefaultTexture.uasset" 271
"../../../Engine/Content/EngineResources/DefaultTextureCube.uasset" 272
"../../../Engine/Content/EngineResources/DefaultVolumeTexture2D.uasset" 273
"../../../Engine/Content/EngineResources/DefaultVolumeTexture.uasset" 274
"../../../Engine/Content/EngineResources/GradientTexture0.uasset" 275
"../../../Engine/Content/EngineResources/StreamingPauseIcon.uasset" 276
"../../../Engine/Content/EngineResources/M_StreamingPause.uasset" 277
"../../../Engine/Content/EngineSounds/Master.uasset" 278
"../../../Engine/Content/Functions/Engine_MaterialFunctions01/Shading/PowerToRoughness.uasset" 279
"../../../Engine/Content/Maps/Templates/Thumbnails/Default.uasset" 280
"../../../Engine/Content/Maps/Templates/Thumbnails/VR-Basic.uasset" 281
"../../../Engine/Content/MapTemplates/Sky/DaylightAmbientCubemap.uasset" 282
"../../../Engine/Content/MobileResources/T_MobileControls_texture.uasset" 283
"../../../Engine/Content/MobileResources/T_MobileMenu2.uasset" 284
"../../../Engine/Content/MobileResources/HUD/AnalogHat.uasset" 285
"../../../Engine/Content/MobileResources/HUD/VirtualJoystick_Background.uasset" 286
"../../../Engine/Content/MobileResources/HUD/VirtualJoystick_Thumb.uasset" 287
"../../../Engine/Content/MobileResources/HUD/DefaultVirtualJoysticks.uasset" 288
"../../../Engine/Content/MobileResources/HUD/LeftVirtualJoystickOnly.uasset" 289
"../../../Engine/Content/MobileResources/HUD/MobileHUDButton1_off.uasset" 290
"../../../Engine/Content/MobileResources/HUD/MobileHUDButton1_on.uasset" 291
"../../../Engine/Content/MobileResources/HUD/MobileHUDButton2_off.uasset" 292
"../../../Engine/Content/MobileResources/HUD/MobileHUDButton2_on.uasset" 293
"../../../Engine/Content/MobileResources/HUD/MobileHUDButton3.uasset" 294
"../../../Engine/Content/MobileResources/HUD/MobileHUDButtonFire.uasset" 295
"../../../Engine/Content/MobileResources/HUD/MobileHUDDirectionPad.uasset" 296
"../../../Engine/Content/MobileResources/HUD/MobileHUDDirectionPad2.uasset" 297
"../../../Engine/Content/MobileResources/HUD/MobileHUDDirectionPad3.uasset" 298
"../../../Engine/Content/MobileResources/HUD/MobileHUDDirectionStick.uasset" 299
"../../../Engine/Content/MobileResources/HUD/T_Castle_ThumbstickInner.uasset" 300
"../../../Engine/Content/MobileResources/HUD/T_Castle_ThumbstickOutter.uasset" 301
"../../../Engine/Content/Tutorial/ContentIntroCurve.uasset" 302
"../../../Engine/Content/Tutorial/Basics/TutorialAssets/icon_tab_Levels_40x.uasset" 303
"../../../Engine/Content/Tutorial/BlueprintTutorials/TutorialAssets/Blueprint_64x.uasset" 304
"../../../Engine/Content/VREditor/LaserPointer/VR_LaserPower_01.uasset" 305
"../../../Engine/Content/VREditor/TransformGizmo/TransformGizmoMaterial.uasset" 306
"../../../Engine/Content/VREditor/TransformGizmo/TranslucentTransformGizmoMaterial.uasset" 307
"../../../Engine/Content/VREditor/TransformGizmo/BoundingBoxCorner.uasset" 308
"../../../Engine/Content/VREditor/TransformGizmo/BoundingBoxEdge.uasset" 309
"../../../Engine/Content/VREditor/TransformGizmo/PlaneTranslationHandle.uasset" 310
"../../../Engine/Content/VREditor/TransformGizmo/Main.uasset" 311
"../../../Engine/Content/VREditor/TransformGizmo/Xray.uasset" 312
"../../../Engine/Content/VREditor/TransformGizmo/SM_Sequencer_Key.uasset" 313
"../../../Engine/Content/VREditor/TransformGizmo/SM_Sequencer_Node.uasset" 314
"../../../Engine/Content/Functions/Engine_MaterialFunctions01/SpeedTree/SpeedTreeColorVariation.uasset" 315
"../../../Engine/Content/Functions/Engine_MaterialFunctions01/WorldPositionOffset/SimpleGrassWind.uasset" 316
"E:/Dokumente/Projects/Tableworld/Content/PN_OpenWorldFoliage/Materials/MaterialCollection.uasset" 317
"E:/Dokumente/Projects/Tableworld/Content/PN_OpenWorldFoliage/Textures/grass_albedo.uasset" 318
"E:/Dokumente/Projects/Tableworld/Content/PN_OpenWorldFoliage/Textures/grass_normal.uasset" 319
"E:/Dokumente/Projects/Tableworld/Content/PN_OpenWorldFoliage/Textures/grass_opacity.uasset" 320
"E:/Dokumente/Projects/Tableworld/Content/PN_OpenWorldFoliage/Textures/grass_spec.uasset" 321
"E:/Dokumente/Projects/Tableworld/Content/PN_OpenWorldFoliage/Materials/MA_OpenWorldFoliage.uasset" 322
"E:/Dokumente/Projects/Tableworld/Content/PN_OpenWorldFoliage/Materials/MI_OpenWorldFoliage.uasset" 323
"E:/Dokumente/Projects/Tableworld/Content/PN_OpenWorldFoliage/Meshes/openWorld_grass_01_01_01.uasset" 324
"E:/Dokumente/Projects/Tableworld/Content/PN_OpenWorldFoliage/Meshes/openWorld_grass_01_01_02.uasset" 325
"E:/Dokumente/Projects/Tableworld/Content/PN_OpenWorldFoliage/Meshes/openWorld_grass_02_02_04.uasset" 326
"E:/Dokumente/Projects/Tableworld/Content/PN_OpenWorldFoliage/Meshes/openWorld_grass_02_03_01.uasset" 327
"E:/Dokumente/Projects/Tableworld/Content/PN_OpenWorldFoliage/Meshes/openWorld_grass_02_03_04.uasset" 328
"E:/Dokumente/Projects/Tableworld/Content/UI/InfoPanel/UI_InfoPanel_Active.uasset" 329
"E:/Dokumente/Projects/Tableworld/Content/UI/InfoPanel/UI_InfoPanel_InActive.uasset" 330
"../../Plugins/2D/Paper2D/Content/PlaceholderTextures/DummySpriteTexture.uasset" 331
"../../Plugins/2D/Paper2D/Content/DummySprite.uasset" 332
"../../Plugins/2D/Paper2D/Content/DefaultPaperTerrainMaterial.uasset" 333
"../../Plugins/2D/Paper2D/Content/DefaultSpriteMaterial.uasset" 334
"../../Plugins/2D/Paper2D/Content/MaskedUnlitSpriteMaterial.uasset" 335
"../../Plugins/2D/Paper2D/Content/OpaqueUnlitSpriteMaterial.uasset" 336
"../../Plugins/Enterprise/DatasmithContent/Content/Blueprints/FBXImporter/ArrayOfActor.uasset" 337
"../../Plugins/Enterprise/DatasmithContent/Content/Blueprints/FBXImporter/ArrayOfSwitch.uasset" 338
"../../Plugins/Enterprise/DatasmithContent/Content/Blueprints/FBXImporter/BP_SceneNode.uasset" 339
"../../Plugins/Enterprise/DatasmithContent/Content/Blueprints/FBXImporter/BP_Switch.uasset" 340
"../../Plugins/Enterprise/DatasmithContent/Content/Blueprints/FBXImporter/BP_SceneRoot.uasset" 341
"../../Plugins/Enterprise/DatasmithContent/Content/Blueprints/FBXImporter/FBXImporterUtils.uasset" 342
"../../Plugins/Enterprise/DatasmithContent/Content/Blueprints/FBXImporter/Animation/DeltaGenAnimationTrackType.uasset" 343
"../../Plugins/Enterprise/DatasmithContent/Content/Blueprints/FBXImporter/Animation/VREDAnimationTrackComponent.uasset" 344
"../../Plugins/Enterprise/DatasmithContent/Content/Blueprints/FBXImporter/Animation/VREDAnimationTrackType.uasset" 345
"../../Plugins/Enterprise/DatasmithContent/Content/Blueprints/FBXImporter/Animation/VREDAnimCurveComponent.uasset" 346
"../../Plugins/Enterprise/DatasmithContent/Content/Blueprints/FBXImporter/Animation/VREDAnimCurveType.uasset" 347
"../../Plugins/Enterprise/DatasmithContent/Content/Blueprints/FBXImporter/Variants/VariantSwitchType.uasset" 348
"../../Plugins/Enterprise/DatasmithContent/Content/Blueprints/FBXImporter/Variants/VREDVariantSwitchType.uasset" 349
"../../Plugins/Enterprise/DatasmithContent/Content/Blueprints/FBXImporter/Variants/VREDVariantType.uasset" 350
"../../Plugins/Runtime/Oculus/OculusVR/Content/Materials/PokeAHoleMaterial.uasset" 351
"../../Plugins/Runtime/Oculus/OculusVR/Content/Textures/GearVRController_AO.uasset" 352
"../../Plugins/Runtime/Oculus/OculusVR/Content/Textures/GearVRController_Color.uasset" 353
"../../Plugins/Runtime/Oculus/OculusVR/Content/Textures/GearVRController_Normal.uasset" 354
"../../Plugins/Runtime/Oculus/OculusVR/Content/Materials/GearVRControllerMaterial.uasset" 355
"../../Plugins/Runtime/Oculus/OculusVR/Content/Meshes/GearVrController.uasset" 356
"../../Plugins/Runtime/Oculus/OculusVR/Content/Textures/touchController_albedo.uasset" 357
"../../Plugins/Runtime/Oculus/OculusVR/Content/Textures/touchController_controlmap.uasset" 358
"../../Plugins/Runtime/Oculus/OculusVR/Content/Materials/touchController_mat.uasset" 359
"../../Plugins/Runtime/Oculus/OculusVR/Content/Meshes/LeftTouchController.uasset" 360
"../../Plugins/Runtime/Oculus/OculusVR/Content/Meshes/RiftHMD.uasset" 361
"../../Plugins/Runtime/Oculus/OculusVR/Content/Meshes/RightTouchController.uasset" 362
"../../../Engine/Content/Maps/Entry_BuiltData.uasset" 363
"../../../Engine/Content/Maps/Entry.umap" 364
"../../../Engine/Content/EngineSky/C_Sky_Cloud_Color.uasset" 365
"../../../Engine/Content/EngineSky/C_Sky_Horizon_Color.uasset" 366
"../../../Engine/Content/EngineSky/C_Sky_Zenith_Color.uasset" 367
"../../../Engine/Content/EngineSky/T_Sky_Blue.uasset" 368
"../../../Engine/Content/EngineSky/T_Sky_Clouds_M.uasset" 369
"../../../Engine/Content/EngineSky/T_Sky_Stars.uasset" 370
"../../../Engine/Content/EngineSky/M_Sky_Panning_Clouds2.uasset" 371
"../../../Engine/Content/EngineSky/SM_SkySphere.uasset" 372
"../../../Engine/Content/EngineSky/BP_Sky_Sphere.uasset" 373
"E:/Dokumente/Projects/Tableworld/Content/Materials/GlobalMaterialVariables.uasset" 374
"E:/Dokumente/Projects/Tableworld/Content/UI/BuildableTile/StoneAge/Icon_Field.uasset" 375
"E:/Dokumente/Projects/Tableworld/Content/Materials/Particles/M_Particle_Base.uasset" 376
"E:/Dokumente/Projects/Tableworld/Content/Materials/Particles/Texture/T_Particles_Smoke.uasset" 377
"E:/Dokumente/Projects/Tableworld/Content/Materials/Particles/M_Particle_Smoke.uasset" 378
"E:/Dokumente/Projects/Tableworld/Content/Particles/Buildings/P_PlacementSmoke.uasset" 379
"E:/Dokumente/Projects/Tableworld/Content/Sounds/Buildings/BuildingDestroy.uasset" 380
"E:/Dokumente/Projects/Tableworld/Content/Sounds/Buildings/BuildingDestroy_Cue.uasset" 381
"E:/Dokumente/Projects/Tableworld/Content/Sounds/Buildings/BuildingPlace.uasset" 382
"E:/Dokumente/Projects/Tableworld/Content/Sounds/Buildings/BuildingPlace_Cue.uasset" 383
"E:/Dokumente/Projects/Tableworld/Content/Blueprints/Player/TablePlayerBP.uasset" 384
"E:/Dokumente/Projects/Tableworld/Content/Blueprints/Player/NewBlueprint.uasset" 385
"E:/Dokumente/Projects/Tableworld/Content/Materials/Ages/StoneAge/T_StoneAge.uasset" 386
"E:/Dokumente/Projects/Tableworld/Content/Materials/Building/M_BuildingBase.uasset" 387
"E:/Dokumente/Projects/Tableworld/Content/Mesh/Tiles/StoneAge/SM_StoneAge_Tier1_House01.uasset" 388
"E:/Dokumente/Projects/Tableworld/Content/Mesh/Tiles/StoneAge/SM_StoneAge_Tier1_House02.uasset" 389
"E:/Dokumente/Projects/Tableworld/Content/Mesh/Tiles/StoneAge/SM_StoneAge_Tier1_House03.uasset" 390
"E:/Dokumente/Projects/Tableworld/Content/Mesh/Tiles/StoneAge/SM_StoneAge_Tier1_House04.uasset" 391
"E:/Dokumente/Projects/Tableworld/Content/Blueprints/World/Tile/StoneAge/Civil/Tile_StoneAge_Tier1_House.uasset" 392
"E:/Dokumente/Projects/Tableworld/Content/Mesh/Creature/Human/StoneAge/SK_Human_StoneAge_Skeleton.uasset" 393
"E:/Dokumente/Projects/Tableworld/Content/Mesh/Creature/Human/StoneAge/Anim_Human_StoneAge_Walk_Axe.uasset" 394
"E:/Dokumente/Projects/Tableworld/Content/Mesh/Creature/Human/StoneAge/Anim_Human_StoneAge_Walk_Wood.uasset" 395
"E:/Dokumente/Projects/Tableworld/Content/Mesh/Creature/Human/StoneAge/Anim_Human_StoneAge_Work_Axe.uasset" 396
"E:/Dokumente/Projects/Tableworld/Content/Mesh/Creature/Human/StoneAge/Pose_Human_StoneAge_BasePose.uasset" 397
"E:/Dokumente/Projects/Tableworld/Content/Mesh/Creature/Human/StoneAge/Human_StoneAge_WoodCutter_AnimBP.uasset" 398
"E:/Dokumente/Projects/Tableworld/Content/Materials/Creature/Human/StoneAge/T_Human_Skinton_Mask.uasset" 399
"E:/Dokumente/Projects/Tableworld/Content/Materials/Creature/M_BaseCreature.uasset" 400
"E:/Dokumente/Projects/Tableworld/Content/Materials/Creature/Human/StoneAge/M_Creature_Stoneage.uasset" 401
"E:/Dokumente/Projects/Tableworld/Content/Mesh/Creature/Human/StoneAge/SK_Human_StoneAge_PhysicsAsset.uasset" 402
"E:/Dokumente/Projects/Tableworld/Content/Mesh/Creature/Human/StoneAge/SK_Human_StoneAge.uasset" 403
"E:/Dokumente/Projects/Tableworld/Content/Materials/Particles/Texture/T_Particles_Leaf.uasset" 404
"E:/Dokumente/Projects/Tableworld/Content/Materials/Particles/M_Particle_Leaf.uasset" 405
"E:/Dokumente/Projects/Tableworld/Content/Particles/Harvest/P_Harvest_Wood.uasset" 406
"E:/Dokumente/Projects/Tableworld/Content/Sounds/Harvest/Wood/Axe/Harvest_Wood_Axe_01.uasset" 407
"E:/Dokumente/Projects/Tableworld/Content/Sounds/Harvest/Wood/Axe/Harvest_Wood_Axe_02.uasset" 408
"E:/Dokumente/Projects/Tableworld/Content/Sounds/Harvest/Wood/Axe/Harvest_Wood_Axe_03.uasset" 409
"E:/Dokumente/Projects/Tableworld/Content/Sounds/Harvest/Wood/Axe/Harvest_Wood_Axe_04.uasset" 410
"E:/Dokumente/Projects/Tableworld/Content/Sounds/Harvest/Wood/Axe/Harvest_Wood_Axe_05.uasset" 411
"E:/Dokumente/Projects/Tableworld/Content/Sounds/Harvest/Wood/Axe/Harvest_Wood_Axe_06.uasset" 412
"E:/Dokumente/Projects/Tableworld/Content/Sounds/Harvest/Wood/Axe/Harvest_Wood_Axe_07.uasset" 413
"E:/Dokumente/Projects/Tableworld/Content/Sounds/Harvest_Attenuation.uasset" 414
"E:/Dokumente/Projects/Tableworld/Content/Sounds/Harvest/Wood/Axe/Harvest_Wood_Axe.uasset" 415
"E:/Dokumente/Projects/Tableworld/Content/Blueprints/World/Creatures/StoneAge/StoneAge_Woodcutter.uasset" 416
"E:/Dokumente/Projects/Tableworld/Content/Materials/Textures/T_Grid.uasset" 417
"E:/Dokumente/Projects/Tableworld/Content/Materials/M_BuildingGrid.uasset" 418
"../../../Engine/Content/BasicShapes/Plane.uasset" 419
"E:/Dokumente/Projects/Tableworld/Content/Mesh/Tiles/StoneAge/SM_StoneAge_CharcoalBurner.uasset" 420
"E:/Dokumente/Projects/Tableworld/Content/UI/BuildableTile/StoneAge/Icon_Tree.uasset" 421
"E:/Dokumente/Projects/Tableworld/Content/UI/Item/UI_Item_Charcoal.uasset" 422
"E:/Dokumente/Projects/Tableworld/Content/Blueprints/World/Tile/StoneAge/Harvester/Tile_StoneAge_CharcoalBurner.uasset" 423
"E:/Dokumente/Projects/Tableworld/Content/Mesh/Creature/Human/StoneAge/Anim_Human_StoneAge_Walk_Basket_Empty.uasset" 424
"E:/Dokumente/Projects/Tableworld/Content/Mesh/Creature/Human/StoneAge/Anim_Human_StoneAge_Walk_Basket_Loaded.uasset" 425
"E:/Dokumente/Projects/Tableworld/Content/Materials/Particles/Texture/T_Particles_Berry.uasset" 426
"E:/Dokumente/Projects/Tableworld/Content/Materials/Particles/M_Particle_Berry.uasset" 427
"E:/Dokumente/Projects/Tableworld/Content/Particles/Harvest/P_Harvest_FallingBerry.uasset" 428
"E:/Dokumente/Projects/Tableworld/Content/Mesh/Creature/Human/StoneAge/Anim_Human_StoneAge_Work_Basket.uasset" 429
"E:/Dokumente/Projects/Tableworld/Content/Mesh/Creature/Human/StoneAge/Human_StoneAge_BerrieCollector_AnimBP.uasset" 430
"E:/Dokumente/Projects/Tableworld/Content/Particles/Harvest/P_Harvest_Berries.uasset" 431
"E:/Dokumente/Projects/Tableworld/Content/Sounds/Harvest/Berries/Harvest_Berries_Basket_01.uasset" 432
"E:/Dokumente/Projects/Tableworld/Content/Sounds/Harvest/Berries/Harvest_Berries_Basket_01_Cue.uasset" 433
"E:/Dokumente/Projects/Tableworld/Content/Blueprints/World/Creatures/StoneAge/StoneAge_BerrieCollector.uasset" 434
"E:/Dokumente/Projects/Tableworld/Content/Mesh/Tiles/StoneAge/SM_StoneAge_Collector.uasset" 435
"E:/Dokumente/Projects/Tableworld/Content/UI/Item/UI_Item_Berries.uasset" 436
"E:/Dokumente/Projects/Tableworld/Content/Blueprints/World/Tile/StoneAge/Harvester/Tile_StoneAge_Gatherer.uasset" 437
"E:/Dokumente/Projects/Tableworld/Content/Mesh/Creature/Human/StoneAge/Anim_Human_StoneAge_Walk_Bag.uasset" 438
"E:/Dokumente/Projects/Tableworld/Content/Mesh/Creature/Human/StoneAge/Anim_Human_StoneAge_Walk_Pickaxe.uasset" 439
"E:/Dokumente/Projects/Tableworld/Content/Mesh/Creature/Human/StoneAge/Anim_Human_StoneAge_Work_Pickaxe.uasset" 440
"E:/Dokumente/Projects/Tableworld/Content/Mesh/Creature/Human/StoneAge/Human_StoneAge_RockSmasher_AnimBP.uasset" 441
"E:/Dokumente/Projects/Tableworld/Content/Materials/Particles/Texture/T_Particles_Spark.uasset" 442
"E:/Dokumente/Projects/Tableworld/Content/Materials/Particles/M_Particle_Spark.uasset" 443
"E:/Dokumente/Projects/Tableworld/Content/Particles/Harvest/P_Harvest_Rock.uasset" 444
"E:/Dokumente/Projects/Tableworld/Content/Sounds/Harvest/Rock/Pickaxe/Harvest_Rock_Pickaxe_01.uasset" 445
"E:/Dokumente/Projects/Tableworld/Content/Sounds/Harvest/Rock/Pickaxe/Harvest_Rock_Pickaxe.uasset" 446
"E:/Dokumente/Projects/Tableworld/Content/Blueprints/World/Creatures/StoneAge/StoneAge_Miner.uasset" 447
"E:/Dokumente/Projects/Tableworld/Content/Mesh/Tiles/StoneAge/SM_StoneAge_RockSmasha.uasset" 448
"E:/Dokumente/Projects/Tableworld/Content/UI/Item/UI_Item_CopperOre.uasset" 449
"E:/Dokumente/Projects/Tableworld/Content/Blueprints/World/Tile/StoneAge/Harvester/Tile_StoneAge_Miner.uasset" 450
"E:/Dokumente/Projects/Tableworld/Content/UI/Item/UI_Item_Stone.uasset" 451
"E:/Dokumente/Projects/Tableworld/Content/Blueprints/World/Tile/StoneAge/Harvester/Tile_StoneAge_StoneMiner.uasset" 452
"E:/Dokumente/Projects/Tableworld/Content/Mesh/Creature/Human/StoneAge/Anim_Human_StoneAge_Walk_WaterPot_Empty.uasset" 453
"E:/Dokumente/Projects/Tableworld/Content/Mesh/Creature/Human/StoneAge/Anim_Human_StoneAge_Walk_WaterPot_Loaded.uasset" 454
"E:/Dokumente/Projects/Tableworld/Content/Materials/Particles/Texture/T_Particles_Bubble.uasset" 455
"E:/Dokumente/Projects/Tableworld/Content/Materials/Particles/M_Particle_Bubble.uasset" 456
"E:/Dokumente/Projects/Tableworld/Content/Particles/Harvest/P_Harvest_Water.uasset" 457
"E:/Dokumente/Projects/Tableworld/Content/Mesh/Creature/Human/StoneAge/Anim_Human_StoneAge_Work_WaterPot.uasset" 458
"E:/Dokumente/Projects/Tableworld/Content/Mesh/Creature/Human/StoneAge/Human_StoneAge_WaterCollector_AnimBP.uasset" 459
"E:/Dokumente/Projects/Tableworld/Content/Blueprints/World/Creatures/StoneAge/StoneAge_WaterCollector.uasset" 460
"E:/Dokumente/Projects/Tableworld/Content/Mesh/Tiles/StoneAge/SM_StoneAge_WaterCollector.uasset" 461
"E:/Dokumente/Projects/Tableworld/Content/Particles/Buildings/P_Bubbles.uasset" 462
"../../../Engine/Content/EngineMaterials/OrientParticle.uasset" 463
"../../../Engine/Content/EngineMaterials/DefaultParticle.uasset" 464
"E:/Dokumente/Projects/Tableworld/Content/Particles/Buildings/P_Fire.uasset" 465
"E:/Dokumente/Projects/Tableworld/Content/UI/Item/UI_Item_Water.uasset" 466
"E:/Dokumente/Projects/Tableworld/Content/Blueprints/World/Tile/StoneAge/Harvester/Tile_StoneAge_WaterCollector.uasset" 467
"E:/Dokumente/Projects/Tableworld/Content/Mesh/Tiles/StoneAge/SM_StoneAge_Woodcutter.uasset" 468
"E:/Dokumente/Projects/Tableworld/Content/UI/Item/UI_Item_WoodLog.uasset" 469
"E:/Dokumente/Projects/Tableworld/Content/Blueprints/World/Tile/StoneAge/Harvester/Tile_StoneAge_WoodCutter.uasset" 470
"E:/Dokumente/Projects/Tableworld/Content/Mesh/Tiles/StoneAge/SM_StoneAge_Outpost.uasset" 471
"E:/Dokumente/Projects/Tableworld/Content/Blueprints/World/Tile/StoneAge/Management/Tile_StoneAge_Outpost.uasset" 472
"E:/Dokumente/Projects/Tableworld/Content/Mesh/Tiles/StoneAge/SM_StoneAge_Road.uasset" 473
"E:/Dokumente/Projects/Tableworld/Content/Blueprints/World/Tile/StoneAge/Management/Tile_StoneAge_Road.uasset" 474
"E:/Dokumente/Projects/Tableworld/Content/Mesh/Creature/Human/StoneAge/Anim_Human_StoneAge_Walk_Cart_Empty.uasset" 475
"E:/Dokumente/Projects/Tableworld/Content/Mesh/Creature/Human/StoneAge/Anim_Human_StoneAge_Walk_Cart_Loaded.uasset" 476
"E:/Dokumente/Projects/Tableworld/Content/Mesh/Creature/Human/StoneAge/Human_StoneAge_Hauler_AnimBP.uasset" 477
"E:/Dokumente/Projects/Tableworld/Content/Blueprints/World/Creatures/StoneAge/StoneAge_Hauler_CityCenter.uasset" 478
"E:/Dokumente/Projects/Tableworld/Content/Mesh/Tiles/StoneAge/SM_StoneAge_VillageCentre.uasset" 479
"E:/Dokumente/Projects/Tableworld/Content/Particles/Buildings/P_Smoke.uasset" 480
"E:/Dokumente/Projects/Tableworld/Content/Blueprints/World/Tile/StoneAge/Management/Tile_StoneAge_VillageCentre.uasset" 481
"E:/Dokumente/Projects/Tableworld/Content/Blueprints/World/Creatures/StoneAge/StoneAge_Hauler.uasset" 482
"E:/Dokumente/Projects/Tableworld/Content/Mesh/Tiles/StoneAge/SM_StoneAge_BronzeSmelter.uasset" 483
"E:/Dokumente/Projects/Tableworld/Content/UI/Item/UI_Item_BronzeBar.uasset" 484
"E:/Dokumente/Projects/Tableworld/Content/UI/Item/UI_Item_TinOre.uasset" 485
"E:/Dokumente/Projects/Tableworld/Content/Blueprints/World/Tile/StoneAge/Production/Tile_StoneAge_Smelter.uasset" 486
"E:/Dokumente/Projects/Tableworld/Content/UI/BuildableTile/StoneAge/Icon_Well.uasset" 487
"E:/Dokumente/Projects/Tableworld/Content/UI/BuildableTile/StoneAge/T_UI_StoneAge_BronzeSmelter.uasset" 488
"E:/Dokumente/Projects/Tableworld/Content/UI/BuildableTile/StoneAge/T_UI_StoneAge_CharcoalBurner.uasset" 489
"E:/Dokumente/Projects/Tableworld/Content/UI/BuildableTile/StoneAge/T_UI_StoneAge_Collector.uasset" 490
"E:/Dokumente/Projects/Tableworld/Content/UI/BuildableTile/StoneAge/T_UI_StoneAge_Miner.uasset" 491
"E:/Dokumente/Projects/Tableworld/Content/UI/BuildableTile/StoneAge/T_UI_StoneAge_Outpost.uasset" 492
"E:/Dokumente/Projects/Tableworld/Content/UI/BuildableTile/StoneAge/T_UI_StoneAge_Tier1_House01.uasset" 493
"E:/Dokumente/Projects/Tableworld/Content/UI/BuildableTile/StoneAge/T_UI_StoneAge_VillageCentre.uasset" 494
"E:/Dokumente/Projects/Tableworld/Content/UI/BuildableTile/StoneAge/T_UI_StoneAge_WaterCollector.uasset" 495
"E:/Dokumente/Projects/Tableworld/Content/UI/BuildableTile/StoneAge/T_UI_StoneAge_WoodCutter.uasset" 496
"E:/Dokumente/Projects/Tableworld/Content/Data/Data_Buildings_Prehistoric.uasset" 497
"E:/Dokumente/Projects/Tableworld/Content/UI/Trait/T_Trait_FastWorker.uasset" 498
"E:/Dokumente/Projects/Tableworld/Content/UI/Trait/T_Trait_FullRefund.uasset" 499
"E:/Dokumente/Projects/Tableworld/Content/UI/Trait/T_Trait_Harvester.uasset" 500
"E:/Dokumente/Projects/Tableworld/Content/UI/Trait/T_Trait_Lazy.uasset" 501
"E:/Dokumente/Projects/Tableworld/Content/UI/Trait/T_Trait_ProductionTrouble.uasset" 502
"E:/Dokumente/Projects/Tableworld/Content/UI/Trait/T_Trait_RareMaterials.uasset" 503
"E:/Dokumente/Projects/Tableworld/Content/UI/Trait/T_Trait_SlowHarvester.uasset" 504
"E:/Dokumente/Projects/Tableworld/Content/UI/Trait/T_Trait_Storage.uasset" 505
"E:/Dokumente/Projects/Tableworld/Content/UI/Trait/T_Trait_Workforce.uasset" 506
"E:/Dokumente/Projects/Tableworld/Content/Data/Data_CivTraits.uasset" 507
"E:/Dokumente/Projects/Tableworld/Content/Data/Data_Items.uasset" 508
"E:/Dokumente/Projects/Tableworld/Content/Data/Data_Rescources.uasset" 509
"E:/Dokumente/Projects/Tableworld/Content/Blueprints/UI/UI_DialogChoice.uasset" 510
"E:/Dokumente/Projects/Tableworld/Content/UI/LoadingScreen/T_LoadingScreenAnim.uasset" 511
"E:/Dokumente/Projects/Tableworld/Content/UI/LoadingScreen/M_LoadingScreenAnim.uasset" 512
"E:/Dokumente/Projects/Tableworld/Content/Blueprints/UI/UI_LoadingScreen.uasset" 513
"E:/Dokumente/Projects/Tableworld/Content/Blueprints/UI/UI_Popup_Info.uasset" 514
"E:/Dokumente/Projects/Tableworld/Content/Blueprints/Core/TableGameInstanceBP.uasset" 515
"E:/Dokumente/Projects/Tableworld/Content/Blueprints/UI/Game/UI_SimpleTooltip.uasset" 516
"E:/Dokumente/Projects/Tableworld/Content/UI/T_UI_background.uasset" 517
"E:/Dokumente/Projects/Tableworld/Content/Blueprints/UI/Game/Info/UI_InfoPanel_ItemElement.uasset" 518
"E:/Dokumente/Projects/Tableworld/Content/UI/UI_Whitebox.uasset" 519
"E:/Dokumente/Projects/Tableworld/Content/Blueprints/UI/Game/Info/UI_InfoPanel_Progressbar.uasset" 520
"E:/Dokumente/Projects/Tableworld/Content/Blueprints/UI/Game/Info/UI_InfoPanel_TextElement.uasset" 521
"E:/Dokumente/Projects/Tableworld/Content/Blueprints/UI/Game/Info/UI_InfoPanel.uasset" 522
"E:/Dokumente/Projects/Tableworld/Content/Blueprints/UI/Game/UI_RescourcePanel.uasset" 523
"E:/Dokumente/Projects/Tableworld/Content/UI/BuildableTile/StoneAge/Icon_House.uasset" 524
"E:/Dokumente/Projects/Tableworld/Content/Blueprints/UI/Game/UI_Buildable_Tooltip.uasset" 525
"E:/Dokumente/Projects/Tableworld/Content/UI/BuildableTile/StoneAge/Icon_House_Tier2.uasset" 526
"E:/Dokumente/Projects/Tableworld/Content/Blueprints/UI/Game/UI_BuildableTile.uasset" 527
"E:/Dokumente/Projects/Tableworld/Content/UI/T_UI_GameTime_1.uasset" 528
"E:/Dokumente/Projects/Tableworld/Content/Blueprints/UI/Game/UI_Notification.uasset" 529
"E:/Dokumente/Projects/Tableworld/Content/Blueprints/UI/Mainmenu/UI_Mainmenu_CivTrait.uasset" 530
"E:/Dokumente/Projects/Tableworld/Content/Blueprints/Mainmenu/MainmenuGM.uasset" 531
"E:/Dokumente/Projects/Tableworld/Content/Blueprints/UI/Mainmenu/UI_Mainmenu_TraitIcon.uasset" 532
"E:/Dokumente/Projects/Tableworld/Content/Blueprints/UI/Mainmenu/UI_Mainmenu_LoadedCiv.uasset" 533
"E:/Dokumente/Projects/Tableworld/Content/Blueprints/UI/Mainmenu/UI_Mainmenu_LoadedSave.uasset" 534
"E:/Dokumente/Projects/Tableworld/Content/Blueprints/UI/Mainmenu/UI_Mainmenu_NewCiv.uasset" 535
"E:/Dokumente/Projects/Tableworld/Content/Blueprints/UI/UI_Popup_Dialog.uasset" 536
"E:/Dokumente/Projects/Tableworld/Content/Blueprints/UI/Mainmenu/UI_Mainmenu.uasset" 537
"E:/Dokumente/Projects/Tableworld/Content/UI/BuildableTile/Buildmenu/UI_BuildCategories_Civil.uasset" 538
"E:/Dokumente/Projects/Tableworld/Content/UI/BuildableTile/Buildmenu/UI_BuildCategories_Factory.uasset" 539
"E:/Dokumente/Projects/Tableworld/Content/UI/BuildableTile/Buildmenu/UI_BuildCategories_Harvester.uasset" 540
"E:/Dokumente/Projects/Tableworld/Content/UI/BuildableTile/Buildmenu/UI_BuildCategories_Management.uasset" 541
"E:/Dokumente/Projects/Tableworld/Content/UI/T_UI_GameTime_0.uasset" 542
"E:/Dokumente/Projects/Tableworld/Content/UI/T_UI_GameTime_2.uasset" 543
"E:/Dokumente/Projects/Tableworld/Content/UI/T_UI_GameTime_3.uasset" 544
"E:/Dokumente/Projects/Tableworld/Content/UI/T_UI_GameTime_4.uasset" 545
"E:/Dokumente/Projects/Tableworld/Content/UI/T_UI_Minimap_Viewport.uasset" 546
"E:/Dokumente/Projects/Tableworld/Content/UI/Toolbar/UI_Toolbar_Build.uasset" 547
"E:/Dokumente/Projects/Tableworld/Content/UI/Toolbar/UI_Toolbar_Civilization.uasset" 548
"E:/Dokumente/Projects/Tableworld/Content/UI/Toolbar/UI_Toolbar_Demolish.uasset" 549
"E:/Dokumente/Projects/Tableworld/Content/Blueprints/UI/Game/MainHudBP.uasset" 550
"E:/Dokumente/Projects/Tableworld/Content/Blueprints/Player/TablePlayerControllerBP.uasset" 551
"E:/Dokumente/Projects/Tableworld/Content/Blueprints/Core/TableGamemodeBP.uasset" 552
"E:/Dokumente/Projects/Tableworld/Content/Materials/Textures/T_BaseTileAtlas.uasset" 553
"E:/Dokumente/Projects/Tableworld/Content/Materials/M_TileBase.uasset" 554
"E:/Dokumente/Projects/Tableworld/Content/Materials/Textures/T_Noise_Small.uasset" 555
"E:/Dokumente/Projects/Tableworld/Content/Materials/M_Water.uasset" 556
"E:/Dokumente/Projects/Tableworld/Content/Mesh/SM_Waterplane.uasset" 557
"E:/Dokumente/Projects/Tableworld/Content/Materials/Textures/T_Rescources.uasset" 558
"E:/Dokumente/Projects/Tableworld/Content/Materials/M_Rescources.uasset" 559
"E:/Dokumente/Projects/Tableworld/Content/Mesh/Tiles/Rescources/SM_Berries.uasset" 560
"E:/Dokumente/Projects/Tableworld/Content/Mesh/Tiles/Rescources/SM_CopperOre.uasset" 561
"E:/Dokumente/Projects/Tableworld/Content/Mesh/Tiles/Rescources/SM_TinOre.uasset" 562
"E:/Dokumente/Projects/Tableworld/Content/Mesh/Tiles/Rescources/SM_Tree.uasset" 563
"E:/Dokumente/Projects/Tableworld/Content/PN_OpenWorldFoliage/Meshes/SM_Grass.uasset" 564
"E:/Dokumente/Projects/Tableworld/Content/Blueprints/World/TableworldBP.uasset" 565
"E:/Dokumente/Projects/Tableworld/Content/Maps/Gamemap_BuiltData.uasset" 566
"../../../Engine/Content/MapTemplates/daylight.uasset" 567
"E:/Dokumente/Projects/Tableworld/Content/Maps/Gamemap.umap" 568
"E:/Dokumente/Projects/Tableworld/Content/Maps/System/Mainmenu.umap" 569
